Script started on Do 22 Sep 2016 01:15:42 CEST
Wrapping everything in results_1474499742254
get_nice: requesting ticket for https://de.wikipedia.org/wiki/Achim_Post as object #0 …
€
get_nice: done.  Backup saved to results_1474499742254/object_0.dat
get_nice: requesting ticket for https://de.wikipedia.org/wiki/Agnieszka_Brugger as object #1 …
€
€
get_nice: done.  Backup saved to results_1474499742254/object_1.dat
get_nice: requesting ticket for https://de.wikipedia.org/wiki/Albert_Rupprecht as object #2 …
€
€
get_nice: done.  Backup saved to results_1474499742254/object_2.dat
get_nice: requesting ticket for https://de.wikipedia.org/wiki/Albert_Stegemann as object #3 …
€
€
get_nice: done.  Backup saved to results_1474499742254/object_3.dat
get_nice: requesting ticket for https://de.wikipedia.org/wiki/Alexander_Dobrindt as object #4 …
€
€
get_nice: done.  Backup saved to results_1474499742254/object_4.dat
get_nice: requesting ticket for https://de.wikipedia.org/wiki/Alexander_Funk as object #5 …
€
€
get_nice: done.  Backup saved to results_1474499742254/object_5.dat
€
get_nice: requesting ticket for https://de.wikipedia.org/wiki/Alexander_Funk_(CDU) as object #6 …
€
€
get_nice: done.  Backup saved to results_1474499742254/object_6.dat
get_nice: requesting ticket for https://de.wikipedia.org/wiki/Alexander_Hoffmann as object #7 …
€
€
get_nice: done.  Backup saved to results_1474499742254/object_7.dat
€
get_nice: requesting ticket for https://de.wikipedia.org/wiki/Alexander_Hoffmann_(Politiker) as object #8 …
€
€
get_nice: done.  Backup saved to results_1474499742254/object_8.dat
get_nice: requesting ticket for https://de.wikipedia.org/wiki/Alexander_Radwan as object #9 …
€
€
get_nice: done.  Backup saved to results_1474499742254/object_9.dat
get_nice: requesting ticket for https://de.wikipedia.org/wiki/Alexander_Ulrich as object #10 …
€
€
get_nice: done.  Backup saved to results_1474499742254/object_10.dat
get_nice: requesting ticket for https://de.wikipedia.org/wiki/Alexandra_Dinges-Dierig as object #11 …
€
€
get_nice: done.  Backup saved to results_1474499742254/object_11.dat
get_nice: requesting ticket for https://de.wikipedia.org/wiki/Alois_Gerig as object #12 …
€
€
get_nice: done.  Backup saved to results_1474499742254/object_12.dat
get_nice: requesting ticket for https://de.wikipedia.org/wiki/Alois_Karl as object #13 …
€
€
get_nice: done.  Backup saved to results_1474499742254/object_13.dat
€
get_nice: requesting ticket for https://de.wikipedia.org/wiki/Alois_Rainer_%281965%29 as object #14 …
€
€
get_nice: done.  Backup saved to results_1474499742254/object_14.dat
get_nice: requesting ticket for https://de.wikipedia.org/wiki/Andrea_Lindholz as object #15 …
€
€
get_nice: done.  Backup saved to results_1474499742254/object_15.dat
get_nice: requesting ticket for https://de.wikipedia.org/wiki/Andrea_Nahles as object #16 …
€
€
get_nice: done.  Backup saved to results_1474499742254/object_16.dat
get_nice: requesting ticket for https://de.wikipedia.org/wiki/Andrea_Wicklein as object #17 …
€
€
get_nice: done.  Backup saved to results_1474499742254/object_17.dat
get_nice: requesting ticket for https://de.wikipedia.org/wiki/Andreas_G._Lämmel as object #18 …
€
€
get_nice: done.  Backup saved to results_1474499742254/object_18.dat
€
get_nice: requesting ticket for https://de.wikipedia.org/wiki/Andreas_Jung as object #19 …
€
€
get_nice: done.  Backup saved to results_1474499742254/object_19.dat
€
get_nice: requesting ticket for https://de.wikipedia.org/wiki/Andreas_Jung_(Politiker) as object #20 …
€
€
get_nice: done.  Backup saved to results_1474499742254/object_20.dat
get_nice: requesting ticket for https://de.wikipedia.org/wiki/Andreas_Mattfeldt as object #21 …
€
€
get_nice: done.  Backup saved to results_1474499742254/object_21.dat
get_nice: requesting ticket for https://de.wikipedia.org/wiki/Andreas_Rimkus as object #22 …
€
€
get_nice: done.  Backup saved to results_1474499742254/object_22.dat
get_nice: requesting ticket for https://de.wikipedia.org/wiki/Andreas_Scheuer as object #23 …
€
€
get_nice: done.  Backup saved to results_1474499742254/object_23.dat
get_nice: requesting ticket for https://de.wikipedia.org/wiki/Andreas_Schwarz as object #24 …
€
€
get_nice: done.  Backup saved to results_1474499742254/object_24.dat
€
€
get_nice: requesting ticket for https://de.wikipedia.org/wiki/Andreas_Schwarz_(SPD) as object #25 …
€
€
get_nice: done.  Backup saved to results_1474499742254/object_25.dat
get_nice: requesting ticket for https://de.wikipedia.org/wiki/Andrej_Hunko as object #26 …
€
€
get_nice: done.  Backup saved to results_1474499742254/object_26.dat
get_nice: requesting ticket for https://de.wikipedia.org/wiki/Anette_Hübinger as object #27 …
€
€
get_nice: done.  Backup saved to results_1474499742254/object_27.dat
get_nice: requesting ticket for https://de.wikipedia.org/wiki/Anette_Kramme as object #28 …
€
€
get_nice: done.  Backup saved to results_1474499742254/object_28.dat
get_nice: requesting ticket for https://de.wikipedia.org/wiki/Angelika_Glöckner as object #29 …
€
€
get_nice: done.  Backup saved to results_1474499742254/object_29.dat
get_nice: requesting ticket for https://de.wikipedia.org/wiki/Anita_Schäfer as object #30 …
€
€
get_nice: done.  Backup saved to results_1474499742254/object_30.dat
get_nice: requesting ticket for https://de.wikipedia.org/wiki/Anja_Hajduk as object #31 …
€
€
get_nice: done.  Backup saved to results_1474499742254/object_31.dat
get_nice: requesting ticket for https://de.wikipedia.org/wiki/Anja_Karliczek as object #32 …
€
€
get_nice: done.  Backup saved to results_1474499742254/object_32.dat
get_nice: requesting ticket for https://de.wikipedia.org/wiki/Annalena_Baerbock as object #33 …
€
€
get_nice: done.  Backup saved to results_1474499742254/object_33.dat
get_nice: requesting ticket for https://de.wikipedia.org/wiki/Annette_Groth as object #34 …
€
€
get_nice: done.  Backup saved to results_1474499742254/object_34.dat
get_nice: requesting ticket for https://de.wikipedia.org/wiki/Annette_Sawade as object #35 …
€
€
get_nice: done.  Backup saved to results_1474499742254/object_35.dat
get_nice: requesting ticket for https://de.wikipedia.org/wiki/Annette_Widmann-Mauz as object #36 …
€
€
get_nice: done.  Backup saved to results_1474499742254/object_36.dat
get_nice: requesting ticket for https://de.wikipedia.org/wiki/Ansgar_Heveling as object #37 …
€
€
get_nice: done.  Backup saved to results_1474499742254/object_37.dat
get_nice: requesting ticket for https://de.wikipedia.org/wiki/Antje_Lezius as object #38 …
€
€
get_nice: done.  Backup saved to results_1474499742254/object_38.dat
get_nice: requesting ticket for https://de.wikipedia.org/wiki/Antje_Tillmann as object #39 …
€
€
get_nice: done.  Backup saved to results_1474499742254/object_39.dat
get_nice: requesting ticket for https://de.wikipedia.org/wiki/Armin_Schuster as object #40 …
€
€
get_nice: done.  Backup saved to results_1474499742254/object_40.dat
get_nice: requesting ticket for https://de.wikipedia.org/wiki/Arno_Klare as object #41 …
€
€
get_nice: done.  Backup saved to results_1474499742254/object_41.dat
get_nice: requesting ticket for https://de.wikipedia.org/wiki/Arnold_Vaatz as object #42 …
€
€
get_nice: done.  Backup saved to results_1474499742254/object_42.dat
get_nice: requesting ticket for https://de.wikipedia.org/wiki/Artur_Auernhammer as object #43 …
€
€
get_nice: done.  Backup saved to results_1474499742254/object_43.dat
get_nice: requesting ticket for https://de.wikipedia.org/wiki/Astrid_Grotelüschen as object #44 …
€
€
get_nice: done.  Backup saved to results_1474499742254/object_44.dat
get_nice: requesting ticket for https://de.wikipedia.org/wiki/Astrid_Timmermann-Fechter as object #45 …
€
€
get_nice: done.  Backup saved to results_1474499742254/object_45.dat
get_nice: requesting ticket for https://de.wikipedia.org/wiki/Axel_E._Fischer as object #46 …
€
€
get_nice: done.  Backup saved to results_1474499742254/object_46.dat
get_nice: requesting ticket for https://de.wikipedia.org/wiki/Axel_Knoerig as object #47 …
€
€
get_nice: done.  Backup saved to results_1474499742254/object_47.dat
get_nice: requesting ticket for https://de.wikipedia.org/wiki/Axel_Schäfer as object #48 …
€
€
get_nice: done.  Backup saved to results_1474499742254/object_48.dat
get_nice: requesting ticket for https://de.wikipedia.org/wiki/Aydan_Özoğuz as object #49 …
€
€
get_nice: done.  Backup saved to results_1474499742254/object_49.dat
get_nice: requesting ticket for https://de.wikipedia.org/wiki/Azize_Tank as object #50 …
€
€
get_nice: done.  Backup saved to results_1474499742254/object_50.dat
get_nice: requesting ticket for https://de.wikipedia.org/wiki/Barbara_Lanzinger as object #51 …
€
€
get_nice: done.  Backup saved to results_1474499742254/object_51.dat
get_nice: requesting ticket for https://de.wikipedia.org/wiki/Barbara_Woltmann as object #52 …
€
€
get_nice: done.  Backup saved to results_1474499742254/object_52.dat
get_nice: requesting ticket for https://de.wikipedia.org/wiki/Bartholomäus_Kalb as object #53 …
€
€
get_nice: done.  Backup saved to results_1474499742254/object_53.dat
get_nice: requesting ticket for https://de.wikipedia.org/wiki/Beate_Müller-Gemmeke as object #54 …
€
€
get_nice: done.  Backup saved to results_1474499742254/object_54.dat
get_nice: requesting ticket for https://de.wikipedia.org/wiki/Beate_Walter-Rosenheimer as object #55 …
€
€
get_nice: done.  Backup saved to results_1474499742254/object_55.dat
get_nice: requesting ticket for https://de.wikipedia.org/wiki/Bernd_Rützel as object #56 …
€
€
get_nice: done.  Backup saved to results_1474499742254/object_56.dat
get_nice: requesting ticket for https://de.wikipedia.org/wiki/Bernd_Siebert as object #57 …
€
€
get_nice: done.  Backup saved to results_1474499742254/object_57.dat
€
get_nice: requesting ticket for https://de.wikipedia.org/wiki/Bernd_Siebert_(Politiker) as object #58 …
€
€
get_nice: done.  Backup saved to results_1474499742254/object_58.dat
get_nice: requesting ticket for https://de.wikipedia.org/wiki/Bernd_Westphal as object #59 …
€
€
get_nice: done.  Backup saved to results_1474499742254/object_59.dat
€
get_nice: requesting ticket for https://de.wikipedia.org/wiki/Bernd_Westphal_(Politiker) as object #60 …
€
€
get_nice: done.  Backup saved to results_1474499742254/object_60.dat
get_nice: requesting ticket for https://de.wikipedia.org/wiki/Bernhard_Daldrup as object #61 …
€
€
get_nice: done.  Backup saved to results_1474499742254/object_61.dat
€
€
get_nice: requesting ticket for https://de.wikipedia.org/wiki/Bernhard_Daldrup_(SPD) as object #62 …
€
€
get_nice: done.  Backup saved to results_1474499742254/object_62.dat
get_nice: requesting ticket for https://de.wikipedia.org/wiki/Bernhard_Kaster as object #63 …
€
€
get_nice: done.  Backup saved to results_1474499742254/object_63.dat
get_nice: requesting ticket for https://de.wikipedia.org/wiki/Bernhard_Schulte-Drüggelte as object #64 …
€
€
get_nice: done.  Backup saved to results_1474499742254/object_64.dat
get_nice: requesting ticket for https://de.wikipedia.org/wiki/Bettina_Hagedorn as object #65 …
€
€
get_nice: done.  Backup saved to results_1474499742254/object_65.dat
get_nice: requesting ticket for https://de.wikipedia.org/wiki/Bettina_Hornhues as object #66 …
€
€
get_nice: done.  Backup saved to results_1474499742254/object_66.dat
get_nice: requesting ticket for https://de.wikipedia.org/wiki/Bettina_Kudla as object #67 …
€
€
get_nice: done.  Backup saved to results_1474499742254/object_67.dat
get_nice: requesting ticket for https://de.wikipedia.org/wiki/Bettina_Müller as object #68 …
€
€
get_nice: done.  Backup saved to results_1474499742254/object_68.dat
Traceback (most recent call last):
  File "./crawl-wiki.py", line 104, in <module>
    if __name__ == '__main__':
  File "./crawl-wiki.py", line 98, in run
    crawled = {e['full_name']: crawl_page_for(e['name'], e['party'])
  File "./crawl-wiki.py", line 98, in <dictcomp>
    crawled = {e['full_name']: crawl_page_for(e['name'], e['party'])
  File "./crawl-wiki.py", line 76, in crawl_page_for
    return None
  File "./crawl-wiki.py", line 54, in get_disambiguated_url
    found_urls.append('https://de.wikipedia.org' + a['href'])
AssertionError: ([], <ul>
<li>Bettina Müller, nach Heirat <a href="/wiki/Bettina_Cramer" title="Bettina Cramer">Bettina Cramer</a> (* 1969), deutsche Fernsehmoderatorin</li>
<li><a class="new" href="/w/index.php?title=Bettina_M%C3%BCller_(Kanutin)&amp;action=edit&amp;redlink=1" title="Bettina Müller (Kanutin) (Seite nicht vorhanden)">Bettina Müller (Kanutin)</a> (* 1952), deutsche Kanutin</li>
<li><a href="/wiki/Bettina_M%C3%BCller_(Politikerin)" title="Bettina Müller (Politikerin)">Bettina Müller (Politikerin)</a> (* 1959), deutsche Politikerin (SPD)</li>
<li><a class="new" href="/w/index.php?title=Bettina_M%C3%BCller_(Speedskaterin)&amp;action=edit&amp;redlink=1" title="Bettina Müller (Speedskaterin) (Seite nicht vorhanden)">Bettina Müller (Speedskaterin)</a> (* 1987), deutsche Speedskaterin</li>
<li><a href="/wiki/Bettina_M%C3%BCller-Weissina" title="Bettina Müller-Weissina">Bettina Müller-Weissina</a> (* 1973), österreichische Sprinterin</li>
</ul>)

Script done on Do 22 Sep 2016 01:21:40 CEST
